<?xml version="1.0" encoding="UTF-8"?>
<coverage generated="1726323229085" clover="3.2.0">
  <project timestamp="1726323229085" name="All files">
    <metrics statements="17" coveredstatements="16" conditionals="6" coveredconditionals="5" methods="7" coveredmethods="7" elements="30" coveredelements="28" complexity="0" loc="17" ncloc="17" packages="2" files="7" classes="7"/>
    <package name="js">
      <metrics statements="11" coveredstatements="10" conditionals="6" coveredconditionals="5" methods="1" coveredmethods="1"/>
      <file name="character.js" path="C:\Users\pushk\Desktop\inheritance\src\js\character.js">
        <metrics statements="11" coveredstatements="10" conditionals="6" coveredconditionals="5" methods="1" coveredmethods="1"/>
        <line num="76" count="9" type="stmt"/>
        <line num="77" count="9" type="cond" truecount="4" falsecount="0"/>
        <line num="78" count="2" type="stmt"/>
        <line num="81" count="7" type="cond" truecount="1" falsecount="1"/>
        <line num="82" count="0" type="stmt"/>
        <line num="85" count="7" type="stmt"/>
        <line num="86" count="7" type="stmt"/>
        <line num="87" count="7" type="stmt"/>
        <line num="88" count="7" type="stmt"/>
        <line num="89" count="7" type="stmt"/>
        <line num="90" count="7" type="stmt"/>
      </file>
    </package>
    <package name="js.characters">
      <metrics statements="6" coveredstatements="6" conditionals="0" coveredconditionals="0" methods="6" coveredmethods="6"/>
      <file name="bowman.js" path="C:\Users\pushk\Desktop\inheritance\src\js\characters\bowman.js">
        <metrics statements="1" coveredstatements="1" conditionals="0" coveredconditionals="0" methods="1" coveredmethods="1"/>
        <line num="6" count="1" type="stmt"/>
      </file>
      <file name="daemon.js" path="C:\Users\pushk\Desktop\inheritance\src\js\characters\daemon.js">
        <metrics statements="1" coveredstatements="1" conditionals="0" coveredconditionals="0" methods="1" coveredmethods="1"/>
        <line num="5" count="1" type="stmt"/>
      </file>
      <file name="magician.js" path="C:\Users\pushk\Desktop\inheritance\src\js\characters\magician.js">
        <metrics statements="1" coveredstatements="1" conditionals="0" coveredconditionals="0" methods="1" coveredmethods="1"/>
        <line num="6" count="1" type="stmt"/>
      </file>
      <file name="swordsman.js" path="C:\Users\pushk\Desktop\inheritance\src\js\characters\swordsman.js">
        <metrics statements="1" coveredstatements="1" conditionals="0" coveredconditionals="0" methods="1" coveredmethods="1"/>
        <line num="6" count="1" type="stmt"/>
      </file>
      <file name="undead.js" path="C:\Users\pushk\Desktop\inheritance\src\js\characters\undead.js">
        <metrics statements="1" coveredstatements="1" conditionals="0" coveredconditionals="0" methods="1" coveredmethods="1"/>
        <line num="6" count="1" type="stmt"/>
      </file>
      <file name="zombie.js" path="C:\Users\pushk\Desktop\inheritance\src\js\characters\zombie.js">
        <metrics statements="1" coveredstatements="1" conditionals="0" coveredconditionals="0" methods="1" coveredmethods="1"/>
        <line num="6" count="1" type="stmt"/>
      </file>
    </package>
  </project>
</coverage>
