<?xml version="1.0" encoding="UTF-8"?>
<coverage generated="1726995276574" clover="3.2.0">
  <project timestamp="1726995276574" name="All files">
    <metrics statements="29" coveredstatements="29" conditionals="6" coveredconditionals="6" methods="7" coveredmethods="7" elements="42" coveredelements="42" complexity="0" loc="29" ncloc="29" packages="1" files="7" classes="7"/>
    <file name="bowman.js" path="C:\Users\pushk\Desktop\inheritance\src\js\characters\bowman.js">
      <metrics statements="3" coveredstatements="3" conditionals="0" coveredconditionals="0" methods="1" coveredmethods="1"/>
      <line num="6" count="1" type="stmt"/>
      <line num="7" count="1" type="stmt"/>
      <line num="8" count="1" type="stmt"/>
    </file>
    <file name="character.js" path="C:\Users\pushk\Desktop\inheritance\src\js\characters\character.js">
      <metrics statements="11" coveredstatements="11" conditionals="6" coveredconditionals="6" methods="1" coveredmethods="1"/>
      <line num="4" count="10" type="stmt"/>
      <line num="5" count="10" type="cond" truecount="4" falsecount="0"/>
      <line num="6" count="2" type="stmt"/>
      <line num="9" count="8" type="cond" truecount="2" falsecount="0"/>
      <line num="10" count="1" type="stmt"/>
      <line num="13" count="7" type="stmt"/>
      <line num="14" count="7" type="stmt"/>
      <line num="15" count="7" type="stmt"/>
      <line num="16" count="7" type="stmt"/>
      <line num="18" count="7" type="stmt"/>
      <line num="19" count="7" type="stmt"/>
    </file>
    <file name="daemon.js" path="C:\Users\pushk\Desktop\inheritance\src\js\characters\daemon.js">
      <metrics statements="3" coveredstatements="3" conditionals="0" coveredconditionals="0" methods="1" coveredmethods="1"/>
      <line num="6" count="1" type="stmt"/>
      <line num="7" count="1" type="stmt"/>
      <line num="8" count="1" type="stmt"/>
    </file>
    <file name="magician.js" path="C:\Users\pushk\Desktop\inheritance\src\js\characters\magician.js">
      <metrics statements="3" coveredstatements="3" conditionals="0" coveredconditionals="0" methods="1" coveredmethods="1"/>
      <line num="6" count="1" type="stmt"/>
      <line num="7" count="1" type="stmt"/>
      <line num="8" count="1" type="stmt"/>
    </file>
    <file name="swordsman.js" path="C:\Users\pushk\Desktop\inheritance\src\js\characters\swordsman.js">
      <metrics statements="3" coveredstatements="3" conditionals="0" coveredconditionals="0" methods="1" coveredmethods="1"/>
      <line num="6" count="1" type="stmt"/>
      <line num="7" count="1" type="stmt"/>
      <line num="8" count="1" type="stmt"/>
    </file>
    <file name="undead.js" path="C:\Users\pushk\Desktop\inheritance\src\js\characters\undead.js">
      <metrics statements="3" coveredstatements="3" conditionals="0" coveredconditionals="0" methods="1" coveredmethods="1"/>
      <line num="6" count="1" type="stmt"/>
      <line num="7" count="1" type="stmt"/>
      <line num="8" count="1" type="stmt"/>
    </file>
    <file name="zombie.js" path="C:\Users\pushk\Desktop\inheritance\src\js\characters\zombie.js">
      <metrics statements="3" coveredstatements="3" conditionals="0" coveredconditionals="0" methods="1" coveredmethods="1"/>
      <line num="6" count="1" type="stmt"/>
      <line num="7" count="1" type="stmt"/>
      <line num="8" count="1" type="stmt"/>
    </file>
  </project>
</coverage>
