{"C:\\Users\\pushk\\Desktop\\inheritance\\src\\js\\character.js": {"path":"C:\\Users\\pushk\\Desktop\\inheritance\\src\\js\\character.js","statementMap":{"0":{"start":{"line":76,"column":22},"end":{"line":76,"column":87}},"1":{"start":{"line":77,"column":8},"end":{"line":79,"column":9}},"2":{"start":{"line":78,"column":12},"end":{"line":78,"column":72}},"3":{"start":{"line":81,"column":8},"end":{"line":83,"column":9}},"4":{"start":{"line":82,"column":12},"end":{"line":82,"column":73}},"5":{"start":{"line":85,"column":8},"end":{"line":85,"column":25}},"6":{"start":{"line":86,"column":8},"end":{"line":86,"column":25}},"7":{"start":{"line":87,"column":8},"end":{"line":87,"column":26}},"8":{"start":{"line":88,"column":8},"end":{"line":88,"column":23}},"9":{"start":{"line":89,"column":8},"end":{"line":89,"column":29}},"10":{"start":{"line":90,"column":8},"end":{"line":90,"column":31}}},"fnMap":{"0":{"name":"(anonymous_0)","decl":{"start":{"line":75,"column":4},"end":{"line":75,"column":5}},"loc":{"start":{"line":75,"column":44},"end":{"line":91,"column":5}},"line":75}},"branchMap":{"0":{"loc":{"start":{"line":77,"column":8},"end":{"line":79,"column":9}},"type":"if","locations":[{"start":{"line":77,"column":8},"end":{"line":79,"column":9}},{"start":{},"end":{}}],"line":77},"1":{"loc":{"start":{"line":77,"column":12},"end":{"line":77,"column":47}},"type":"binary-expr","locations":[{"start":{"line":77,"column":12},"end":{"line":77,"column":27}},{"start":{"line":77,"column":31},"end":{"line":77,"column":47}}],"line":77},"2":{"loc":{"start":{"line":81,"column":8},"end":{"line":83,"column":9}},"type":"if","locations":[{"start":{"line":81,"column":8},"end":{"line":83,"column":9}},{"start":{},"end":{}}],"line":81}},"s":{"0":9,"1":9,"2":2,"3":7,"4":0,"5":7,"6":7,"7":7,"8":7,"9":7,"10":7},"f":{"0":9},"b":{"0":[2,7],"1":[9,8],"2":[0,7]},"_coverageSchema":"1a1c01bbd47fc00a2c39e90264f33305004495a9","hash":"20b7cde008e217c23df2d5f68aaca952b320a708"}
,"C:\\Users\\pushk\\Desktop\\inheritance\\src\\js\\characters\\bowman.js": {"path":"C:\\Users\\pushk\\Desktop\\inheritance\\src\\js\\characters\\bowman.js","statementMap":{"0":{"start":{"line":6,"column":8},"end":{"line":6,"column":37}}},"fnMap":{"0":{"name":"(anonymous_0)","decl":{"start":{"line":5,"column":4},"end":{"line":5,"column":5}},"loc":{"start":{"line":5,"column":23},"end":{"line":7,"column":5}},"line":5}},"branchMap":{},"s":{"0":1},"f":{"0":1},"b":{},"_coverageSchema":"1a1c01bbd47fc00a2c39e90264f33305004495a9","hash":"d45a7cacb67c946f9674d29cb1732c5c2583b0d3"}
,"C:\\Users\\pushk\\Desktop\\inheritance\\src\\js\\characters\\daemon.js": {"path":"C:\\Users\\pushk\\Desktop\\inheritance\\src\\js\\characters\\daemon.js","statementMap":{"0":{"start":{"line":5,"column":8},"end":{"line":5,"column":37}}},"fnMap":{"0":{"name":"(anonymous_0)","decl":{"start":{"line":4,"column":4},"end":{"line":4,"column":5}},"loc":{"start":{"line":4,"column":23},"end":{"line":6,"column":5}},"line":4}},"branchMap":{},"s":{"0":1},"f":{"0":1},"b":{},"_coverageSchema":"1a1c01bbd47fc00a2c39e90264f33305004495a9","hash":"3abe5244001a6a037a9ff95edb9d232db96ed7da"}
,"C:\\Users\\pushk\\Desktop\\inheritance\\src\\js\\characters\\magician.js": {"path":"C:\\Users\\pushk\\Desktop\\inheritance\\src\\js\\characters\\magician.js","statementMap":{"0":{"start":{"line":6,"column":8},"end":{"line":6,"column":39}}},"fnMap":{"0":{"name":"(anonymous_0)","decl":{"start":{"line":5,"column":4},"end":{"line":5,"column":5}},"loc":{"start":{"line":5,"column":23},"end":{"line":7,"column":5}},"line":5}},"branchMap":{},"s":{"0":1},"f":{"0":1},"b":{},"_coverageSchema":"1a1c01bbd47fc00a2c39e90264f33305004495a9","hash":"b2131525ae30fbb573ebf27582c7c7bedf460d85"}
,"C:\\Users\\pushk\\Desktop\\inheritance\\src\\js\\characters\\swordsman.js": {"path":"C:\\Users\\pushk\\Desktop\\inheritance\\src\\js\\characters\\swordsman.js","statementMap":{"0":{"start":{"line":6,"column":8},"end":{"line":6,"column":40}}},"fnMap":{"0":{"name":"(anonymous_0)","decl":{"start":{"line":5,"column":4},"end":{"line":5,"column":5}},"loc":{"start":{"line":5,"column":23},"end":{"line":7,"column":5}},"line":5}},"branchMap":{},"s":{"0":1},"f":{"0":1},"b":{},"_coverageSchema":"1a1c01bbd47fc00a2c39e90264f33305004495a9","hash":"b6965576ab549636fa37c4b0f0195d4f3dc71288"}
,"C:\\Users\\pushk\\Desktop\\inheritance\\src\\js\\characters\\undead.js": {"path":"C:\\Users\\pushk\\Desktop\\inheritance\\src\\js\\characters\\undead.js","statementMap":{"0":{"start":{"line":6,"column":8},"end":{"line":6,"column":37}}},"fnMap":{"0":{"name":"(anonymous_0)","decl":{"start":{"line":5,"column":4},"end":{"line":5,"column":5}},"loc":{"start":{"line":5,"column":23},"end":{"line":7,"column":5}},"line":5}},"branchMap":{},"s":{"0":1},"f":{"0":1},"b":{},"_coverageSchema":"1a1c01bbd47fc00a2c39e90264f33305004495a9","hash":"6d58997e419c3bef97617d59ef66999985007051"}
,"C:\\Users\\pushk\\Desktop\\inheritance\\src\\js\\characters\\zombie.js": {"path":"C:\\Users\\pushk\\Desktop\\inheritance\\src\\js\\characters\\zombie.js","statementMap":{"0":{"start":{"line":6,"column":8},"end":{"line":6,"column":37}}},"fnMap":{"0":{"name":"(anonymous_0)","decl":{"start":{"line":5,"column":4},"end":{"line":5,"column":5}},"loc":{"start":{"line":5,"column":23},"end":{"line":7,"column":5}},"line":5}},"branchMap":{},"s":{"0":1},"f":{"0":1},"b":{},"_coverageSchema":"1a1c01bbd47fc00a2c39e90264f33305004495a9","hash":"26c813d18a8d54b236b286b6adb236acb7102c11"}
}
