TN:
SF:src\js\character.js
FN:75,(anonymous_0)
FNF:1
FNH:1
FNDA:9,(anonymous_0)
DA:76,9
DA:77,9
DA:78,2
DA:81,7
DA:82,0
DA:85,7
DA:86,7
DA:87,7
DA:88,7
DA:89,7
DA:90,7
LF:11
LH:10
BRDA:77,0,0,2
BRDA:77,0,1,7
BRDA:77,1,0,9
BRDA:77,1,1,8
BRDA:81,2,0,0
BRDA:81,2,1,7
BRF:6
BRH:5
end_of_record
TN:
SF:src\js\characters\bowman.js
FN:5,(anonymous_0)
FNF:1
FNH:1
FNDA:1,(anonymous_0)
DA:6,1
LF:1
LH:1
BRF:0
BRH:0
end_of_record
TN:
SF:src\js\characters\daemon.js
FN:4,(anonymous_0)
FNF:1
FNH:1
FNDA:1,(anonymous_0)
DA:5,1
LF:1
LH:1
BRF:0
BRH:0
end_of_record
TN:
SF:src\js\characters\magician.js
FN:5,(anonymous_0)
FNF:1
FNH:1
FNDA:1,(anonymous_0)
DA:6,1
LF:1
LH:1
BRF:0
BRH:0
end_of_record
TN:
SF:src\js\characters\swordsman.js
FN:5,(anonymous_0)
FNF:1
FNH:1
FNDA:1,(anonymous_0)
DA:6,1
LF:1
LH:1
BRF:0
BRH:0
end_of_record
TN:
SF:src\js\characters\undead.js
FN:5,(anonymous_0)
FNF:1
FNH:1
FNDA:1,(anonymous_0)
DA:6,1
LF:1
LH:1
BRF:0
BRH:0
end_of_record
TN:
SF:src\js\characters\zombie.js
FN:5,(anonymous_0)
FNF:1
FNH:1
FNDA:1,(anonymous_0)
DA:6,1
LF:1
LH:1
BRF:0
BRH:0
end_of_record
